<?xml version="1.0" encoding="UTF-8"?>
<!-- Generated by org.testng.reporters.JUnitReportReporter -->
<testsuite hostname="stalin-PC" failures="0" tests="1" name="tests.Cartpage" time="25.216" errors="0" timestamp="2022-05-31T15:00:36 IST" skipped="0">
  <testcase classname="tests.Cartpage" name="Tabletsincart" time="25.216"/>
  <system-out/>
</testsuite> <!-- tests.Cartpage -->
