<?xml version="1.0" encoding="UTF-8"?>
<!-- Generated by org.testng.reporters.JUnitReportReporter -->
<testsuite hostname="stalin-PC" failures="0" tests="2" name="tests.Loginpage" time="74.786" errors="0" timestamp="2022-06-05T17:01:03 IST" skipped="0">
  <testcase classname="tests.Loginpage" name="login" time="48.493"/>
  <system-out/>
  <testcase classname="tests.Loginpage" name="login" time="26.293"/>
  <system-out/>
</testsuite> <!-- tests.Loginpage -->
