<?xml version="1.0" encoding="UTF-8"?>
<!-- Generated by org.testng.reporters.JUnitReportReporter -->
<testsuite hostname="stalin-PC" failures="0" tests="2" name="tests.Loginpage" time="49.143" errors="0" timestamp="2022-05-24T20:36:51 IST" skipped="0">
  <testcase classname="tests.Loginpage" name="login" time="19.648"/>
  <system-out/>
  <testcase classname="tests.Loginpage" name="login" time="29.495"/>
  <system-out/>
</testsuite> <!-- tests.Loginpage -->
